Determining if the pthread_create exist failed with the following output:
Change Dir: /home/stan/Projects/OpenGL_Raytracing/build/deps/glfw/src/glfw_ext-build/CMakeFiles/CMakeTmp

Run Build Command:"/usr/bin/make" "cmTC_77cf0/fast"
make[3]: Entering directory '/home/stan/Projects/OpenGL_Raytracing/build/deps/glfw/src/glfw_ext-build/CMakeFiles/CMakeTmp'
/usr/bin/make -f CMakeFiles/cmTC_77cf0.dir/build.make CMakeFiles/cmTC_77cf0.dir/build
make[4]: Entering directory '/home/stan/Projects/OpenGL_Raytracing/build/deps/glfw/src/glfw_ext-build/CMakeFiles/CMakeTmp'
Building C object CMakeFiles/cmTC_77cf0.dir/CheckSymbolExists.c.o
/usr/bin/cc    -o CMakeFiles/cmTC_77cf0.dir/CheckSymbolExists.c.o   -c /home/stan/Projects/OpenGL_Raytracing/build/deps/glfw/src/glfw_ext-build/CMakeFiles/CMakeTmp/CheckSymbolExists.c
Linking C executable cmTC_77cf0
/usr/bin/cmake -E cmake_link_script CMakeFiles/cmTC_77cf0.dir/link.txt --verbose=1
/usr/bin/cc      -rdynamic CMakeFiles/cmTC_77cf0.dir/CheckSymbolExists.c.o  -o cmTC_77cf0 
CMakeFiles/cmTC_77cf0.dir/CheckSymbolExists.c.o: In function `main':
CheckSymbolExists.c:(.text+0x1b): undefined reference to `pthread_create'
collect2: error: ld returned 1 exit status
make[4]: *** [CMakeFiles/cmTC_77cf0.dir/build.make:87: cmTC_77cf0] Error 1
make[4]: Leaving directory '/home/stan/Projects/OpenGL_Raytracing/build/deps/glfw/src/glfw_ext-build/CMakeFiles/CMakeTmp'
make[3]: *** [Makefile:126: cmTC_77cf0/fast] Error 2
make[3]: Leaving directory '/home/stan/Projects/OpenGL_Raytracing/build/deps/glfw/src/glfw_ext-build/CMakeFiles/CMakeTmp'

File /home/stan/Projects/OpenGL_Raytracing/build/deps/glfw/src/glfw_ext-build/CMakeFiles/CMakeTmp/CheckSymbolExists.c:
/* */
#include <pthread.h>

int main(int argc, char** argv)
{
  (void)argv;
#ifndef pthread_create
  return ((int*)(&pthread_create))[argc];
#else
  (void)argc;
  return 0;
#endif
}

Determining if the function pthread_create exists in the pthreads failed with the following output:
Change Dir: /home/stan/Projects/OpenGL_Raytracing/build/deps/glfw/src/glfw_ext-build/CMakeFiles/CMakeTmp

Run Build Command:"/usr/bin/make" "cmTC_a050c/fast"
make[3]: Entering directory '/home/stan/Projects/OpenGL_Raytracing/build/deps/glfw/src/glfw_ext-build/CMakeFiles/CMakeTmp'
/usr/bin/make -f CMakeFiles/cmTC_a050c.dir/build.make CMakeFiles/cmTC_a050c.dir/build
make[4]: Entering directory '/home/stan/Projects/OpenGL_Raytracing/build/deps/glfw/src/glfw_ext-build/CMakeFiles/CMakeTmp'
Building C object CMakeFiles/cmTC_a050c.dir/CheckFunctionExists.c.o
/usr/bin/cc   -DCHECK_FUNCTION_EXISTS=pthread_create   -o CMakeFiles/cmTC_a050c.dir/CheckFunctionExists.c.o   -c /usr/share/cmake-3.11/Modules/CheckFunctionExists.c
Linking C executable cmTC_a050c
/usr/bin/cmake -E cmake_link_script CMakeFiles/cmTC_a050c.dir/link.txt --verbose=1
/usr/bin/cc  -DCHECK_FUNCTION_EXISTS=pthread_create    -rdynamic CMakeFiles/cmTC_a050c.dir/CheckFunctionExists.c.o  -o cmTC_a050c -lpthreads 
/usr/bin/ld: cannot find -lpthreads
collect2: error: ld returned 1 exit status
make[4]: *** [CMakeFiles/cmTC_a050c.dir/build.make:87: cmTC_a050c] Error 1
make[4]: Leaving directory '/home/stan/Projects/OpenGL_Raytracing/build/deps/glfw/src/glfw_ext-build/CMakeFiles/CMakeTmp'
make[3]: *** [Makefile:126: cmTC_a050c/fast] Error 2
make[3]: Leaving directory '/home/stan/Projects/OpenGL_Raytracing/build/deps/glfw/src/glfw_ext-build/CMakeFiles/CMakeTmp'


